<?xml version="1.0" encoding="UTF-8"?>
<robot generator="Robot 3.1.2.1 (Python 3.7.2 on win32)" generated="20191219 13:25:59.174" rpa="false">
<suite id="s1" name="19-SetupTeardown" source="D:\workspace1\Training\Selenium\19-SetupTeardown.robot">
<kw name="Log To Console" library="BuiltIn" type="setup">
<doc>Logs the given message to the console.</doc>
<arguments>
<arg>Opening browser</arg>
</arguments>
<status status="PASS" starttime="20191219 13:25:59.205" endtime="20191219 13:25:59.205"></status>
</kw>
<test id="s1-t1" name="TC2">
<kw name="login" type="setup">
<kw name="Log" library="BuiltIn">
<doc>Logs the given message with the given level.</doc>
<arguments>
<arg>Login</arg>
</arguments>
<msg timestamp="20191219 13:25:59.205" level="INFO">Login</msg>
<status status="PASS" starttime="20191219 13:25:59.205" endtime="20191219 13:25:59.205"></status>
</kw>
<status status="PASS" starttime="20191219 13:25:59.205" endtime="20191219 13:25:59.205"></status>
</kw>
<kw name="Log To Console" library="BuiltIn">
<doc>Logs the given message to the console.</doc>
<arguments>
<arg>This is test case 2</arg>
</arguments>
<status status="PASS" starttime="20191219 13:25:59.205" endtime="20191219 13:25:59.205"></status>
</kw>
<kw name="logout" type="teardown">
<kw name="Log" library="BuiltIn">
<doc>Logs the given message with the given level.</doc>
<arguments>
<arg>out</arg>
</arguments>
<msg timestamp="20191219 13:25:59.205" level="INFO">out</msg>
<status status="PASS" starttime="20191219 13:25:59.205" endtime="20191219 13:25:59.205"></status>
</kw>
<status status="PASS" starttime="20191219 13:25:59.205" endtime="20191219 13:25:59.205"></status>
</kw>
<tags>
<tag>regression</tag>
</tags>
<status status="PASS" starttime="20191219 13:25:59.205" endtime="20191219 13:25:59.205" critical="yes"></status>
</test>
<kw name="Log To Console" library="BuiltIn" type="teardown">
<doc>Logs the given message to the console.</doc>
<arguments>
<arg>Closing Browser</arg>
</arguments>
<status status="PASS" starttime="20191219 13:25:59.205" endtime="20191219 13:25:59.205"></status>
</kw>
<status status="PASS" starttime="20191219 13:25:59.174" endtime="20191219 13:25:59.205"></status>
</suite>
<statistics>
<total>
<stat pass="1" fail="0">Critical Tests</stat>
<stat pass="1" fail="0">All Tests</stat>
</total>
<tag>
<stat pass="1" fail="0">regression</stat>
</tag>
<suite>
<stat pass="1" fail="0" id="s1" name="19-SetupTeardown">19-SetupTeardown</stat>
</suite>
</statistics>
<errors>
</errors>
</robot>
