<?xml version="1.0" encoding="UTF-8"?>
<robot generator="Robot 3.1.2.1 (Python 3.7.2 on win32)" generated="20191219 18:22:41.012" rpa="false">
<suite id="s1" name="Training" source="D:\workspace1\Training">
<suite id="s1-s1" name="Selenium" source="D:\workspace1\Training\Selenium">
<suite id="s1-s1-s1" name="07-Close&amp;Quit" source="D:\workspace1\Training\Selenium\07-Close&amp;Quit.robot">
<test id="s1-s1-s1-t1" name="Test1">
<kw name="Open Browser" library="SeleniumLibrary">
<doc>Opens a new browser instance to the optional ``url``.</doc>
<arguments>
<arg>${url1}</arg>
<arg>${browser}</arg>
</arguments>
<msg timestamp="20191219 18:22:41.449" level="INFO">Opening browser 'firefox' to base url 'http://demowebshop.tricentis.com/register'.</msg>
<msg timestamp="20191219 18:22:41.459" level="INFO">Firefox driver log is always forced to to: D:\workspace1\Training\geckodriver-94.log</msg>
<status status="PASS" starttime="20191219 18:22:41.448" endtime="20191219 18:22:51.831"></status>
</kw>
<kw name="Maximize Browser Window" library="SeleniumLibrary">
<doc>Maximizes current browser window.</doc>
<status status="PASS" starttime="20191219 18:22:51.832" endtime="20191219 18:22:51.837"></status>
</kw>
<kw name="Open Browser" library="SeleniumLibrary">
<doc>Opens a new browser instance to the optional ``url``.</doc>
<arguments>
<arg>${url2}</arg>
<arg>${browser}</arg>
</arguments>
<msg timestamp="20191219 18:22:51.838" level="INFO">Opening browser 'firefox' to base url 'http://automationpractice.com/index.php'.</msg>
<msg timestamp="20191219 18:22:51.849" level="INFO">Firefox driver log is always forced to to: D:\workspace1\Training\geckodriver-95.log</msg>
<status status="PASS" starttime="20191219 18:22:51.838" endtime="20191219 18:23:07.444"></status>
</kw>
<kw name="Maximize Browser Window" library="SeleniumLibrary">
<doc>Maximizes current browser window.</doc>
<status status="PASS" starttime="20191219 18:23:07.446" endtime="20191219 18:23:07.454"></status>
</kw>
<kw name="Close Browser" library="SeleniumLibrary">
<doc>Closes the current browser.</doc>
<status status="PASS" starttime="20191219 18:23:07.455" endtime="20191219 18:23:10.878"></status>
</kw>
<status status="PASS" starttime="20191219 18:22:41.447" endtime="20191219 18:23:10.878" critical="yes"></status>
</test>
<status status="PASS" starttime="20191219 18:22:41.228" endtime="20191219 18:23:10.879"></status>
</suite>
<status status="PASS" starttime="20191219 18:22:41.226" endtime="20191219 18:23:10.881"></status>
</suite>
<status status="PASS" starttime="20191219 18:22:41.194" endtime="20191219 18:23:10.883"></status>
</suite>
<statistics>
<total>
<stat pass="1" fail="0">Critical Tests</stat>
<stat pass="1" fail="0">All Tests</stat>
</total>
<tag>
</tag>
<suite>
<stat pass="1" fail="0" id="s1" name="Training">Training</stat>
<stat pass="1" fail="0" id="s1-s1" name="Selenium">Training.Selenium</stat>
<stat pass="1" fail="0" id="s1-s1-s1" name="07-Close&amp;Quit">Training.Selenium.07-Close&amp;Quit</stat>
</suite>
</statistics>
<errors>
</errors>
</robot>
